Using pre-set license
Built from '2021.3/staging' branch; Version is '2021.3.8f1 (b30333d56e81) revision 11731763'; Using compiler version '192829333'; Build Type 'Release'
OS: 'Windows 10  (10.0.19044) 64bit Core' Language: 'en' Physical Memory: 16244 MB
BatchMode: 1, IsHumanControllingUs: 0, StartBugReporterOnCrash: 0, Is64bit: 1, IsPro: 1

COMMAND LINE ARGUMENTS:
C:\Program Files\Unity\Hub\Editor\2021.3.8f1\Editor\Unity.exe
-adb2
-batchMode
-noUpm
-name
AssetImportWorker7
-projectPath
C:/Users/helev/OneDrive/Documents/GitHub/GB-CC/Gen Alpha
-logFile
Logs/AssetImportWorker7.log
-srvPort
57971
Successfully changed project path to: C:/Users/helev/OneDrive/Documents/GitHub/GB-CC/Gen Alpha
C:/Users/helev/OneDrive/Documents/GitHub/GB-CC/Gen Alpha
[UnityMemory] Configuration Parameters - Can be set up in boot.config
    "memorysetup-bucket-allocator-granularity=16"
    "memorysetup-bucket-allocator-bucket-count=8"
    "memorysetup-bucket-allocator-block-size=33554432"
    "memorysetup-bucket-allocator-block-count=8"
    "memorysetup-main-allocator-block-size=16777216"
    "memorysetup-thread-allocator-block-size=16777216"
    "memorysetup-gfx-main-allocator-block-size=16777216"
    "memorysetup-gfx-thread-allocator-block-size=16777216"
    "memorysetup-cache-allocator-block-size=4194304"
    "memorysetup-typetree-allocator-block-size=2097152"
    "memorysetup-profiler-bucket-allocator-granularity=16"
    "memorysetup-profiler-bucket-allocator-bucket-count=8"
    "memorysetup-profiler-bucket-allocator-block-size=33554432"
    "memorysetup-profiler-bucket-allocator-block-count=8"
    "memorysetup-profiler-allocator-block-size=16777216"
    "memorysetup-profiler-editor-allocator-block-size=1048576"
    "memorysetup-temp-allocator-size-main=16777216"
    "memorysetup-job-temp-allocator-block-size=2097152"
    "memorysetup-job-temp-allocator-block-size-background=1048576"
    "memorysetup-job-temp-allocator-reduction-small-platforms=262144"
    "memorysetup-temp-allocator-size-background-worker=32768"
    "memorysetup-temp-allocator-size-job-worker=262144"
    "memorysetup-temp-allocator-size-preload-manager=33554432"
    "memorysetup-temp-allocator-size-nav-mesh-worker=65536"
    "memorysetup-temp-allocator-size-audio-worker=65536"
    "memorysetup-temp-allocator-size-cloud-worker=32768"
    "memorysetup-temp-allocator-size-gi-baking-worker=262144"
    "memorysetup-temp-allocator-size-gfx=262144"
Refreshing native plugins compatible for Editor in 202.26 ms, found 4 plugins.
Preloading 0 native plugins for Editor in 0.00 ms.
Initialize engine version: 2021.3.8f1 (b30333d56e81)
[Subsystems] Discovering subsystems at path C:/Program Files/Unity/Hub/Editor/2021.3.8f1/Editor/Data/Resources/UnitySubsystems
[Subsystems] Discovering subsystems at path C:/Users/helev/OneDrive/Documents/GitHub/GB-CC/Gen Alpha/Assets
GfxDevice: creating device client; threaded=0; jobified=0
Direct3D:
    Version:  Direct3D 11.0 [level 11.1]
    Renderer: NVIDIA GeForce RTX 2080 Super with Max-Q Design (ID=0x1e93)
    Vendor:   NVIDIA
    VRAM:     8010 MB
    Driver:   27.21.14.6089
Shader 'MoreMountains/MMRipple': fallback shader 'Particle/AlphaBlended' not found
Initialize mono
Mono path[0] = 'C:/Program Files/Unity/Hub/Editor/2021.3.8f1/Editor/Data/Managed'
Mono path[1] = 'C:/Program Files/Unity/Hub/Editor/2021.3.8f1/Editor/Data/MonoBleedingEdge/lib/mono/unityjit-win32'
Mono config path = 'C:/Program Files/Unity/Hub/Editor/2021.3.8f1/Editor/Data/MonoBleedingEdge/etc'
Using monoOptions --debugger-agent=transport=dt_socket,embedding=1,server=y,suspend=n,address=127.0.0.1:56632
Begin MonoManager ReloadAssembly
Registering precompiled unity dll's ...
Register platform support module: C:/Program Files/Unity/Hub/Editor/2021.3.8f1/Editor/Data/PlaybackEngines/WebGLSupport/UnityEditor.WebGL.Extensions.dll
Register platform support module: C:/Program Files/Unity/Hub/Editor/2021.3.8f1/Editor/Data/PlaybackEngines/AndroidPlayer/UnityEditor.Android.Extensions.dll
Register platform support module: C:/Program Files/Unity/Hub/Editor/2021.3.8f1/Editor/Data/PlaybackEngines/iOSSupport/UnityEditor.iOS.Extensions.dll
Register platform support module: C:/Program Files/Unity/Hub/Editor/2021.3.8f1/Editor/Data/PlaybackEngines/WindowsStandaloneSupport/UnityEditor.WindowsStandalone.Extensions.dll
Registered in 0.012533 seconds.
Native extension for WindowsStandalone target not found
[usbmuxd] Start listen thread
[usbmuxd] Listen thread started
Native extension for iOS target not found
Native extension for Android target not found
Native extension for WebGL target not found
Refreshing native plugins compatible for Editor in 155.29 ms, found 4 plugins.
Preloading 0 native plugins for Editor in 0.00 ms.
Mono: successfully reloaded assembly
- Completed reload, in  0.893 seconds
Domain Reload Profiling:
	ReloadAssembly (893ms)
		BeginReloadAssembly (105ms)
			ExecutionOrderSort (0ms)
			DisableScriptedObjects (0ms)
			BackupInstance (0ms)
			ReleaseScriptingObjects (0ms)
			CreateAndSetChildDomain (1ms)
		EndReloadAssembly (634ms)
			LoadAssemblies (100ms)
			RebuildTransferFunctionScriptingTraits (0ms)
			SetupTypeCache (134ms)
			ReleaseScriptCaches (0ms)
			RebuildScriptCaches (33ms)
			SetupLoadedEditorAssemblies (405ms)
				LogAssemblyErrors (0ms)
				InitializePlatformSupportModulesInManaged (64ms)
				SetLoadedEditorAssemblies (0ms)
				RefreshPlugins (155ms)
				BeforeProcessingInitializeOnLoad (2ms)
				ProcessInitializeOnLoadAttributes (132ms)
				ProcessInitializeOnLoadMethodAttributes (51ms)
				AfterProcessingInitializeOnLoad (0ms)
				EditorAssembliesLoaded (0ms)
			ExecutionOrderSort2 (0ms)
			AwakeInstancesAfterBackupRestoration (0ms)
Platform modules already initialized, skipping
Registering precompiled user dll's ...
Registered in 0.010784 seconds.
Begin MonoManager ReloadAssembly
Symbol file LoadedFromMemory doesn't match image C:\Users\helev\OneDrive\Documents\GitHub\GB-CC\Gen Alpha\Library\PackageCache\com.unity.visualscripting@1.7.8\Editor\VisualScripting.Core\Dependencies\YamlDotNet\Unity.VisualScripting.YamlDotNet.dll
Symbol file LoadedFromMemory doesn't match image C:\Users\helev\OneDrive\Documents\GitHub\GB-CC\Gen Alpha\Library\PackageCache\com.unity.visualscripting@1.7.8\Editor\VisualScripting.Core\Dependencies\DotNetZip\Unity.VisualScripting.IonicZip.dll
Native extension for WindowsStandalone target not found
Native extension for iOS target not found
Native extension for Android target not found
Native extension for WebGL target not found
Refreshing native plugins compatible for Editor in 215.47 ms, found 4 plugins.
Preloading 0 native plugins for Editor in 0.00 ms.
Mono: successfully reloaded assembly
- Completed reload, in  9.058 seconds
Domain Reload Profiling:
	ReloadAssembly (9059ms)
		BeginReloadAssembly (181ms)
			ExecutionOrderSort (0ms)
			DisableScriptedObjects (7ms)
			BackupInstance (0ms)
			ReleaseScriptingObjects (0ms)
			CreateAndSetChildDomain (22ms)
		EndReloadAssembly (8639ms)
			LoadAssemblies (5169ms)
			RebuildTransferFunctionScriptingTraits (0ms)
			SetupTypeCache (535ms)
			ReleaseScriptCaches (1ms)
			RebuildScriptCaches (129ms)
			SetupLoadedEditorAssemblies (2756ms)
				LogAssemblyErrors (0ms)
				InitializePlatformSupportModulesInManaged (43ms)
				SetLoadedEditorAssemblies (0ms)
				RefreshPlugins (216ms)
				BeforeProcessingInitializeOnLoad (203ms)
				ProcessInitializeOnLoadAttributes (847ms)
				ProcessInitializeOnLoadMethodAttributes (1434ms)
				AfterProcessingInitializeOnLoad (14ms)
				EditorAssembliesLoaded (0ms)
			ExecutionOrderSort2 (0ms)
			AwakeInstancesAfterBackupRestoration (9ms)
Platform modules already initialized, skipping
========================================================================
Worker process is ready to serve import requests
Shader 'MoreMountains/MMRipple': fallback shader 'Particle/AlphaBlended' not found
Launched and connected shader compiler UnityShaderCompiler.exe after 0.04 seconds
Refreshing native plugins compatible for Editor in 2.75 ms, found 4 plugins.
Preloading 0 native plugins for Editor in 0.00 ms.
Unloading 6046 Unused Serialized files (Serialized files now loaded: 0)
Unloading 52 unused Assets / (0.6 MB). Loaded Objects now: 6504.
Memory consumption went from 303.3 MB to 302.7 MB.
Total: 4.928200 ms (FindLiveObjects: 0.567800 ms CreateObjectMapping: 0.730100 ms MarkObjects: 3.261300 ms  DeleteObjects: 0.367900 ms)

AssetImportParameters requested are different than current active one (requested -> active):
  custom:video-decoder-ogg-theora: a1e56fd34408186e4bbccfd4996cb3dc -> 
  custom:container-muxer-webm: aa71ff27fc2769a1b78a27578f13a17b -> 
  custom:container-demuxer-webm: 4f35f7cbe854078d1ac9338744f61a02 -> 
  custom:video-encoder-webm-vp8: eb34c28f22e8b96e1ab97ce403110664 -> 
  custom:audio-encoder-webm-vorbis: bf7c407c2cedff20999df2af8eb42d56 -> 
  custom:framework-win-MediaFoundation: 216162199b28c13a410421893ffa2e32 -> 
  custom:container-demuxer-ogg: 62fdf1f143b41e24485cea50d1cbac27 -> 
  custom:video-decoder-webm-vp8: 9c59270c3fd7afecdb556c50c9e8de78 -> 
  custom:audio-decoder-ogg-vorbis: bf7c407c2cedff20999df2af8eb42d56 -> 
========================================================================
Received Import Request.
  Time since last request: 3465.777241 seconds.
  path: Assets/ToysPack/Models/TeddyBear_01.fbx
  artifactKey: Guid(5a0fba4e5bb002842aef6b8c0610bcd5) Importer(815301076,1909f56bfc062723c751e8b465ee728b)
Start importing Assets/ToysPack/Models/TeddyBear_01.fbx using Guid(5a0fba4e5bb002842aef6b8c0610bcd5) Importer(815301076,1909f56bfc062723c751e8b465ee728b)  -> (artifact id: 'ccb47cc4fe2bad4576a256f68c7ec274') in 0.187419 seconds 
========================================================================
Received Import Request.
  Time since last request: 0.000026 seconds.
  path: Assets/ToysPack/Models/Bicycle_01.fbx
  artifactKey: Guid(ebe3092d88f43d648827754b51125338) Importer(815301076,1909f56bfc062723c751e8b465ee728b)
Start importing Assets/ToysPack/Models/Bicycle_01.fbx using Guid(ebe3092d88f43d648827754b51125338) Importer(815301076,1909f56bfc062723c751e8b465ee728b)  -> (artifact id: '967907dbf56871b40464b12ae6cb335d') in 0.112241 seconds 
========================================================================
Received Import Request.
  Time since last request: 0.000043 seconds.
  path: Assets/ToysPack/Models/Dollhouse_01.fbx
  artifactKey: Guid(063adbf1f676bf545807e9a37b6f7bdd) Importer(815301076,1909f56bfc062723c751e8b465ee728b)
Start importing Assets/ToysPack/Models/Dollhouse_01.fbx using Guid(063adbf1f676bf545807e9a37b6f7bdd) Importer(815301076,1909f56bfc062723c751e8b465ee728b)  -> (artifact id: '5cd76bff50acd77bc2e6561eb762e1f2') in 0.041960 seconds 
========================================================================
Received Import Request.
  Time since last request: 0.000044 seconds.
  path: Assets/ToysPack/Models/Fish_01.fbx
  artifactKey: Guid(732ede9455a7780438afab98b228a94d) Importer(815301076,1909f56bfc062723c751e8b465ee728b)
Start importing Assets/ToysPack/Models/Fish_01.fbx using Guid(732ede9455a7780438afab98b228a94d) Importer(815301076,1909f56bfc062723c751e8b465ee728b)  -> (artifact id: '67d7d8c57e54d9afba854319dde160cc') in 0.040372 seconds 
========================================================================
Received Import Request.
  Time since last request: 0.000029 seconds.
  path: Assets/ToysPack/Models/Ball_02.fbx
  artifactKey: Guid(67bf4061010c4854e949257c8139740a) Importer(815301076,1909f56bfc062723c751e8b465ee728b)
Start importing Assets/ToysPack/Models/Ball_02.fbx using Guid(67bf4061010c4854e949257c8139740a) Importer(815301076,1909f56bfc062723c751e8b465ee728b)  -> (artifact id: 'a39f170553118604f6398de4c4c3f3a5') in 0.045843 seconds 
========================================================================
Received Import Request.
  Time since last request: 0.000033 seconds.
  path: Assets/ToysPack/Models/Doll_02.fbx
  artifactKey: Guid(7006c80f28486e7489516fad7a3d5daa) Importer(815301076,1909f56bfc062723c751e8b465ee728b)
Start importing Assets/ToysPack/Models/Doll_02.fbx using Guid(7006c80f28486e7489516fad7a3d5daa) Importer(815301076,1909f56bfc062723c751e8b465ee728b)  -> (artifact id: 'd66f69c01ee59243623f17c28dbbd6a4') in 0.039090 seconds 
========================================================================
Received Import Request.
  Time since last request: 0.000034 seconds.
  path: Assets/ToysPack/Models/Boat_02.fbx
  artifactKey: Guid(d4637ea2b81e094469f3c7f95ba0108c) Importer(815301076,1909f56bfc062723c751e8b465ee728b)
Start importing Assets/ToysPack/Models/Boat_02.fbx using Guid(d4637ea2b81e094469f3c7f95ba0108c) Importer(815301076,1909f56bfc062723c751e8b465ee728b)  -> (artifact id: 'a39aa66420276d104cf75c5126e15b18') in 0.041009 seconds 
========================================================================
Received Import Request.
  Time since last request: 0.000039 seconds.
  path: Assets/ToysPack/Models/Shield_01.fbx
  artifactKey: Guid(74bbaf81ce79343419ee35c9b48658a7) Importer(815301076,1909f56bfc062723c751e8b465ee728b)
Start importing Assets/ToysPack/Models/Shield_01.fbx using Guid(74bbaf81ce79343419ee35c9b48658a7) Importer(815301076,1909f56bfc062723c751e8b465ee728b)  -> (artifact id: 'b91fda9594b40e52b9abe49c5885f56a') in 0.037936 seconds 
========================================================================
Received Import Request.
  Time since last request: 0.000028 seconds.
  path: Assets/ToysPack/Models/Bunny_01.fbx
  artifactKey: Guid(2ac6829403a2bd341a75894c00db1769) Importer(815301076,1909f56bfc062723c751e8b465ee728b)
Start importing Assets/ToysPack/Models/Bunny_01.fbx using Guid(2ac6829403a2bd341a75894c00db1769) Importer(815301076,1909f56bfc062723c751e8b465ee728b)  -> (artifact id: '8c34f671921d169fc4e6f60db761670f') in 0.042153 seconds 
========================================================================
Received Import Request.
  Time since last request: 0.000030 seconds.
  path: Assets/ToysPack/Models/Kite_01.fbx
  artifactKey: Guid(823b24c22413e334fae765948ad49fcf) Importer(815301076,1909f56bfc062723c751e8b465ee728b)
Start importing Assets/ToysPack/Models/Kite_01.fbx using Guid(823b24c22413e334fae765948ad49fcf) Importer(815301076,1909f56bfc062723c751e8b465ee728b)  -> (artifact id: '9bc1d25433ba8bececc58c66075035ca') in 0.034081 seconds 
========================================================================
Received Import Request.
  Time since last request: 0.000030 seconds.
  path: Assets/ToysPack/Models/RockingHorse_01.fbx
  artifactKey: Guid(0b1be9e0364a83f49a2b682bbc815b58) Importer(815301076,1909f56bfc062723c751e8b465ee728b)
Start importing Assets/ToysPack/Models/RockingHorse_01.fbx using Guid(0b1be9e0364a83f49a2b682bbc815b58) Importer(815301076,1909f56bfc062723c751e8b465ee728b)  -> (artifact id: '665c4592c1a852f4ac48994eb2e75353') in 0.039150 seconds 
========================================================================
Received Import Request.
  Time since last request: 0.000028 seconds.
  path: Assets/ToysPack/Models/Frisbee_01.fbx
  artifactKey: Guid(7762b95101060344fb77dcbebabc88fd) Importer(815301076,1909f56bfc062723c751e8b465ee728b)
Start importing Assets/ToysPack/Models/Frisbee_01.fbx using Guid(7762b95101060344fb77dcbebabc88fd) Importer(815301076,1909f56bfc062723c751e8b465ee728b)  -> (artifact id: 'd989313bbf1c4f8e95b50e0158d66be9') in 0.056885 seconds 
========================================================================
Received Import Request.
  Time since last request: 0.000029 seconds.
  path: Assets/ToysPack/Models/Basketballhoop_01.fbx
  artifactKey: Guid(c1d3782c7fdc9184daffd83f30a74e1a) Importer(815301076,1909f56bfc062723c751e8b465ee728b)
Start importing Assets/ToysPack/Models/Basketballhoop_01.fbx using Guid(c1d3782c7fdc9184daffd83f30a74e1a) Importer(815301076,1909f56bfc062723c751e8b465ee728b)  -> (artifact id: 'a888d34cd786b072f020e5a06d325325') in 0.056637 seconds 
========================================================================
Received Import Request.
  Time since last request: 0.000029 seconds.
  path: Assets/ToysPack/Models/Bee_01.fbx
  artifactKey: Guid(1fee88f06248c8b4eb3e5aef4a14fc2c) Importer(815301076,1909f56bfc062723c751e8b465ee728b)
Start importing Assets/ToysPack/Models/Bee_01.fbx using Guid(1fee88f06248c8b4eb3e5aef4a14fc2c) Importer(815301076,1909f56bfc062723c751e8b465ee728b)  -> (artifact id: '073815f44faaf6f8436075653288bef2') in 0.032323 seconds 
========================================================================
Received Import Request.
  Time since last request: 0.000027 seconds.
  path: Assets/ToysPack/Models/WoodenTrain_01.fbx
  artifactKey: Guid(dc6a99a587dea8c45b12db70757e08fd) Importer(815301076,1909f56bfc062723c751e8b465ee728b)
Start importing Assets/ToysPack/Models/WoodenTrain_01.fbx using Guid(dc6a99a587dea8c45b12db70757e08fd) Importer(815301076,1909f56bfc062723c751e8b465ee728b)  -> (artifact id: '54388b94a1298d8b31d83e4672f7e9bc') in 0.119205 seconds 
========================================================================
Received Import Request.
  Time since last request: 0.000023 seconds.
  path: Assets/ToysPack/Models/Chess_01.fbx
  artifactKey: Guid(e7d92236e865ef041980d0f6a1c3d961) Importer(815301076,1909f56bfc062723c751e8b465ee728b)
Start importing Assets/ToysPack/Models/Chess_01.fbx using Guid(e7d92236e865ef041980d0f6a1c3d961) Importer(815301076,1909f56bfc062723c751e8b465ee728b)  -> (artifact id: 'ae749050703b6c2da2fd0292be7f2bc2') in 0.212657 seconds 
========================================================================
Received Import Request.
  Time since last request: 0.000038 seconds.
  path: Assets/ToysPack/Materials/LaserSword.mat
  artifactKey: Guid(6da35178ab40e114ca18107ec4d68f34) Importer(815301076,1909f56bfc062723c751e8b465ee728b)
Start importing Assets/ToysPack/Materials/LaserSword.mat using Guid(6da35178ab40e114ca18107ec4d68f34) Importer(815301076,1909f56bfc062723c751e8b465ee728b)  -> (artifact id: 'c807b61ab6bc302a9eb8e61226169b76') in 0.016496 seconds 
========================================================================
Received Import Request.
  Time since last request: 0.000044 seconds.
  path: Assets/ToysPack/Models/Rocket_01.fbx
  artifactKey: Guid(afa1249c2a6a12048992fe5d0f6677fb) Importer(815301076,1909f56bfc062723c751e8b465ee728b)
Start importing Assets/ToysPack/Models/Rocket_01.fbx using Guid(afa1249c2a6a12048992fe5d0f6677fb) Importer(815301076,1909f56bfc062723c751e8b465ee728b)  -> (artifact id: '3756e5ed11318093431dffe4f07d449c') in 0.054487 seconds 
========================================================================
Received Import Request.
  Time since last request: 0.000027 seconds.
  path: Assets/ToysPack/Models/Shield_02.fbx
  artifactKey: Guid(f47ee7558e2ea7c4d9749c97c102c107) Importer(815301076,1909f56bfc062723c751e8b465ee728b)
Start importing Assets/ToysPack/Models/Shield_02.fbx using Guid(f47ee7558e2ea7c4d9749c97c102c107) Importer(815301076,1909f56bfc062723c751e8b465ee728b)  -> (artifact id: '912f46fdac63dce1452735f741495662') in 0.035329 seconds 
Editor requested this worker to shutdown with reason: Scaling down because of idle timeout
AssetImportWorker is now disconnected from the server
Process exiting
Exiting without the bug reporter. Application will terminate with return code 0